生成启动时间为 2019/11/7 17:26:47。
     1>项目“D:\Teaching\4_ComputerSystem\Labs-hit\lab04_buffer\lab4_buffer2019\vs-code\BufferAttackVS2010\BufAttackVS2010\BufAttackVS2010\BufAttackVS2010.vcxproj”在节点 2 上(build 个目标)。
     1>InitializeBuildStatus:
         正在创建“Debug\BufAttackVS2010.unsuccessfulbuild”，因为已指定“AlwaysCreate”。
       ClCompile:
         所有输出均为最新。
         C:\Program Files (x86)\Microsoft Visual Studio 10.0\VC\bin\CL.exe /c /ZI /nologo /W3 /WX- /Od /Oy- /D WIN32 /D _DEBUG /D _CONSOLE /D _UNICODE /D UNICODE /Gm /MDd /GS- /fp:precise /Zc:wchar_t /Zc:forScope /Fo"Debug\\" /Fd"Debug\vc100.pdb" /Gd /TP /analyze- /errorReport:prompt ..\..\bufoverflow.cpp
         bufoverflow.cpp
     1>d:\teaching\4_computersystem\labs-hit\lab04_buffer\lab4_buffer2019\vs-code\bufferattackvs2010\bufoverflow.cpp(9): warning C4996: 'strcpy': This function or variable may be unsafe. Consider using strcpy_s instead. To disable deprecation, use _CRT_SECURE_NO_WARNINGS. See online help for details.
                 c:\program files (x86)\microsoft visual studio 10.0\vc\include\string.h(105) : 参见“strcpy”的声明
       ManifestResourceCompile:
         所有输出均为最新。
       Link:
         C:\Program Files (x86)\Microsoft Visual Studio 10.0\VC\bin\link.exe /ERRORREPORT:PROMPT /OUT:"D:\Teaching\4_ComputerSystem\Labs-hit\lab04_buffer\lab4_buffer2019\vs-code\BufferAttackVS2010\BufAttackVS2010\Debug\BufAttackVS2010.exe" /INCREMENTAL /NOLOGO kernel32.lib user32.lib gdi32.lib winspool.lib comdlg32.lib advapi32.lib shell32.lib ole32.lib oleaut32.lib uuid.lib odbc32.lib odbccp32.lib /MANIFEST /ManifestFile:"Debug\BufAttackVS2010.exe.intermediate.manifest" /MANIFESTUAC:"level='asInvoker' uiAccess='false'" /DEBUG /PDB:"D:\Teaching\4_ComputerSystem\Labs-hit\lab04_buffer\lab4_buffer2019\vs-code\BufferAttackVS2010\BufAttackVS2010\Debug\BufAttackVS2010.pdb" /SUBSYSTEM:CONSOLE /TLBID:1 /DYNAMICBASE /NXCOMPAT /IMPLIB:"D:\Teaching\4_ComputerSystem\Labs-hit\lab04_buffer\lab4_buffer2019\vs-code\BufferAttackVS2010\BufAttackVS2010\Debug\BufAttackVS2010.lib" /MACHINE:X86 Debug\BufAttackVS2010.exe.embed.manifest.res
         Debug\bufoverflow.obj
         Debug\stdafx.obj
       Manifest:
         C:\Program Files (x86)\Microsoft SDKs\Windows\v7.0A\bin\mt.exe /nologo /verbose /out:"Debug\BufAttackVS2010.exe.embed.manifest" /manifest Debug\BufAttackVS2010.exe.intermediate.manifest
         所有输出均为最新。
       LinkEmbedManifest:
         所有输出均为最新。
         BufAttackVS2010.vcxproj -> D:\Teaching\4_ComputerSystem\Labs-hit\lab04_buffer\lab4_buffer2019\vs-code\BufferAttackVS2010\BufAttackVS2010\Debug\BufAttackVS2010.exe
       FinalizeBuildStatus:
         正在删除文件“Debug\BufAttackVS2010.unsuccessfulbuild”。
         正在对“Debug\BufAttackVS2010.lastbuildstate”执行 Touch 任务。
     1>已完成生成项目“D:\Teaching\4_ComputerSystem\Labs-hit\lab04_buffer\lab4_buffer2019\vs-code\BufferAttackVS2010\BufAttackVS2010\BufAttackVS2010\BufAttackVS2010.vcxproj”(build 个目标)的操作。

生成成功。

已用时间 00:00:01.63
