D:\TEACHING\4_COMPUTERSYSTEM\LABS-HIT\LAB04_BUFFER\LAB4_BUFFER2019\VS-CODE\BUFFERATTACKVS2010\BUFATTACKVS2010\BUFATTACKVS2010\DEBUG\BUFATTACKVS2010.EXE.EMBED.MANIFEST
D:\TEACHING\4_COMPUTERSYSTEM\LABS-HIT\LAB04_BUFFER\LAB4_BUFFER2019\VS-CODE\BUFFERATTACKVS2010\BUFATTACKVS2010\BUFATTACKVS2010\DEBUG\BUFATTACKVS2010.EXE.EMBED.MANIFEST.RES
D:\TEACHING\4_COMPUTERSYSTEM\LABS-HIT\LAB04_BUFFER\LAB4_BUFFER2019\VS-CODE\BUFFERATTACKVS2010\BUFATTACKVS2010\BUFATTACKVS2010\DEBUG\BUFATTACKVS2010.EXE.INTERMEDIATE.MANIFEST
D:\TEACHING\4_COMPUTERSYSTEM\LABS-HIT\LAB04_BUFFER\LAB4_BUFFER2019\VS-CODE\BUFFERATTACKVS2010\BUFATTACKVS2010\BUFATTACKVS2010\DEBUG\BUFATTACKVS2010.PCH
D:\Teaching\4_ComputerSystem\Labs-hit\lab04_buffer\lab4_buffer2019\vs-code\BufferAttackVS2010\BufAttackVS2010\BufAttackVS2010\Debug\BufAttackVS2010.write.1.tlog
D:\Teaching\4_ComputerSystem\Labs-hit\lab04_buffer\lab4_buffer2019\vs-code\BufferAttackVS2010\BufAttackVS2010\BufAttackVS2010\Debug\BufAttackVS2010_manifest.rc
D:\TEACHING\4_COMPUTERSYSTEM\LABS-HIT\LAB04_BUFFER\LAB4_BUFFER2019\VS-CODE\BUFFERATTACKVS2010\BUFATTACKVS2010\BUFATTACKVS2010\DEBUG\BUFOVERFLOW.OBJ
D:\Teaching\4_ComputerSystem\Labs-hit\lab04_buffer\lab4_buffer2019\vs-code\BufferAttackVS2010\BufAttackVS2010\BufAttackVS2010\Debug\cl.command.1.tlog
D:\Teaching\4_ComputerSystem\Labs-hit\lab04_buffer\lab4_buffer2019\vs-code\BufferAttackVS2010\BufAttackVS2010\BufAttackVS2010\Debug\CL.read.1.tlog
D:\Teaching\4_ComputerSystem\Labs-hit\lab04_buffer\lab4_buffer2019\vs-code\BufferAttackVS2010\BufAttackVS2010\BufAttackVS2010\Debug\CL.write.1.tlog
D:\Teaching\4_ComputerSystem\Labs-hit\lab04_buffer\lab4_buffer2019\vs-code\BufferAttackVS2010\BufAttackVS2010\BufAttackVS2010\Debug\link.4268.read.1.tlog
D:\Teaching\4_ComputerSystem\Labs-hit\lab04_buffer\lab4_buffer2019\vs-code\BufferAttackVS2010\BufAttackVS2010\BufAttackVS2010\Debug\link.4268.write.1.tlog
D:\Teaching\4_ComputerSystem\Labs-hit\lab04_buffer\lab4_buffer2019\vs-code\BufferAttackVS2010\BufAttackVS2010\BufAttackVS2010\Debug\link.4268-cvtres.read.1.tlog
D:\Teaching\4_ComputerSystem\Labs-hit\lab04_buffer\lab4_buffer2019\vs-code\BufferAttackVS2010\BufAttackVS2010\BufAttackVS2010\Debug\link.4268-cvtres.write.1.tlog
D:\Teaching\4_ComputerSystem\Labs-hit\lab04_buffer\lab4_buffer2019\vs-code\BufferAttackVS2010\BufAttackVS2010\BufAttackVS2010\Debug\link.command.1.tlog
D:\Teaching\4_ComputerSystem\Labs-hit\lab04_buffer\lab4_buffer2019\vs-code\BufferAttackVS2010\BufAttackVS2010\BufAttackVS2010\Debug\link.read.1.tlog
D:\Teaching\4_ComputerSystem\Labs-hit\lab04_buffer\lab4_buffer2019\vs-code\BufferAttackVS2010\BufAttackVS2010\BufAttackVS2010\Debug\link.write.1.tlog
D:\Teaching\4_ComputerSystem\Labs-hit\lab04_buffer\lab4_buffer2019\vs-code\BufferAttackVS2010\BufAttackVS2010\BufAttackVS2010\Debug\link-cvtres.read.1.tlog
D:\Teaching\4_ComputerSystem\Labs-hit\lab04_buffer\lab4_buffer2019\vs-code\BufferAttackVS2010\BufAttackVS2010\BufAttackVS2010\Debug\link-cvtres.write.1.tlog
D:\Teaching\4_ComputerSystem\Labs-hit\lab04_buffer\lab4_buffer2019\vs-code\BufferAttackVS2010\BufAttackVS2010\BufAttackVS2010\Debug\mt.command.1.tlog
D:\Teaching\4_ComputerSystem\Labs-hit\lab04_buffer\lab4_buffer2019\vs-code\BufferAttackVS2010\BufAttackVS2010\BufAttackVS2010\Debug\mt.read.1.tlog
D:\Teaching\4_ComputerSystem\Labs-hit\lab04_buffer\lab4_buffer2019\vs-code\BufferAttackVS2010\BufAttackVS2010\BufAttackVS2010\Debug\mt.write.1.tlog
D:\Teaching\4_ComputerSystem\Labs-hit\lab04_buffer\lab4_buffer2019\vs-code\BufferAttackVS2010\BufAttackVS2010\BufAttackVS2010\Debug\rc.command.1.tlog
D:\Teaching\4_ComputerSystem\Labs-hit\lab04_buffer\lab4_buffer2019\vs-code\BufferAttackVS2010\BufAttackVS2010\BufAttackVS2010\Debug\rc.read.1.tlog
D:\Teaching\4_ComputerSystem\Labs-hit\lab04_buffer\lab4_buffer2019\vs-code\BufferAttackVS2010\BufAttackVS2010\BufAttackVS2010\Debug\rc.write.1.tlog
D:\TEACHING\4_COMPUTERSYSTEM\LABS-HIT\LAB04_BUFFER\LAB4_BUFFER2019\VS-CODE\BUFFERATTACKVS2010\BUFATTACKVS2010\BUFATTACKVS2010\DEBUG\STDAFX.OBJ
D:\Teaching\4_ComputerSystem\Labs-hit\lab04_buffer\lab4_buffer2019\vs-code\BufferAttackVS2010\BufAttackVS2010\BufAttackVS2010\Debug\vc100.idb
D:\TEACHING\4_COMPUTERSYSTEM\LABS-HIT\LAB04_BUFFER\LAB4_BUFFER2019\VS-CODE\BUFFERATTACKVS2010\BUFATTACKVS2010\BUFATTACKVS2010\DEBUG\VC100.PDB
D:\TEACHING\4_COMPUTERSYSTEM\LABS-HIT\LAB04_BUFFER\LAB4_BUFFER2019\VS-CODE\BUFFERATTACKVS2010\BUFATTACKVS2010\DEBUG\BUFATTACKVS2010.EXE
D:\TEACHING\4_COMPUTERSYSTEM\LABS-HIT\LAB04_BUFFER\LAB4_BUFFER2019\VS-CODE\BUFFERATTACKVS2010\BUFATTACKVS2010\DEBUG\BUFATTACKVS2010.ILK
D:\TEACHING\4_COMPUTERSYSTEM\LABS-HIT\LAB04_BUFFER\LAB4_BUFFER2019\VS-CODE\BUFFERATTACKVS2010\BUFATTACKVS2010\DEBUG\BUFATTACKVS2010.PDB
